<?xml version="1.0" encoding="UTF-8"?>
<!-- Generated by org.testng.reporters.JUnitReportReporter -->
<testsuite hostname="Rimas-MacBook-Pro.local" failures="0" tests="1" name="com.crm.testcases.LoginPageTest" time="8.753" errors="0" timestamp="09 Apr 2024 22:27:51 GMT" skipped="0">
  <testcase classname="com.crm.testcases.LoginPageTest" name="loginPageTest" time="8.753"/>
</testsuite> <!-- com.crm.testcases.LoginPageTest -->
