<?xml version="1.0" encoding="UTF-8"?>
<!-- Generated by org.testng.reporters.JUnitReportReporter -->
<testsuite hostname="Rimas-MacBook-Pro.local" failures="0" tests="1" name="com.crm.testcases.LandingPageTest" time="22.319" errors="0" timestamp="13 Apr 2024 17:45:32 GMT" skipped="0">
  <testcase classname="com.crm.testcases.LandingPageTest" name="landingPage" time="22.319"/>
</testsuite> <!-- com.crm.testcases.LandingPageTest -->
