<?xml version="1.0" encoding="UTF-8"?>
<!-- Generated by org.testng.reporters.JUnitReportReporter -->
<testsuite hostname="Rimas-MacBook-Pro.local" failures="0" tests="1" name="com.crm.testcases.CRMTestcases" time="20.145" errors="0" timestamp="19 Apr 2024 23:48:01 GMT" skipped="0">
  <testcase classname="com.crm.testcases.CRMTestcases" name="crmTestcases" time="20.145"/>
</testsuite> <!-- com.crm.testcases.CRMTestcases -->
